-------------------------------------------------------------------------------
Test set: kooknaja.applicationTest
-------------------------------------------------------------------------------
Tests run: 1, Failures: 1, Errors: 0, Skipped: 0, Time elapsed: 0.474 sec <<< FAILURE! - in kooknaja.applicationTest
testTestAPI_shouldReturnString_GookkuEleven(kooknaja.applicationTest)  Time elapsed: 0.035 sec  <<< FAILURE!
java.lang.AssertionError: expected:<GookkuEleven> but was:<null>
	at org.junit.Assert.fail(Assert.java:88)
	at org.junit.Assert.failNotEquals(Assert.java:834)
	at org.junit.Assert.assertEquals(Assert.java:118)
	at org.junit.Assert.assertEquals(Assert.java:144)
	at kooknaja.applicationTest.testTestAPI_shouldReturnString_GookkuEleven(applicationTest.java:46)

