<?xml version="1.0" encoding="UTF-8"?>
<testsuite name="kooknaja.applicationTest" time="0.035" tests="1" errors="0" skipped="0" failures="1">
  <properties>
[...]
</properties>
  <testcase name="testTestAPI_shouldReturnString_GookkuEleven" classname="kooknaja.applicationTest" time="0.035">
    <failure message="expected:&lt;GookkuEleven&gt; but was:&lt;null&gt;" type="java.lang.AssertionError"><![CDATA[java.lang.AssertionError: expected:<GookkuEleven> but was:<null>
	at org.junit.Assert.fail(Assert.java:88)
	at org.junit.Assert.failNotEquals(Assert.java:834)
	at org.junit.Assert.assertEquals(Assert.java:118)
	at org.junit.Assert.assertEquals(Assert.java:144)
	at kooknaja.applicationTest.testTestAPI_shouldReturnString_GookkuEleven(applicationTest.java:46)
]]></failure>
  </testcase>
</testsuite>